Using pre-set license
Built from '2021.3/staging' branch; Version is '2021.3.29f1 (204d6dc9ae1c) revision 2116973'; Using compiler version '192829333'; Build Type 'Release'
OS: 'Windows 10  (10.0.19045) 64bit Enterprise' Language: 'en' Physical Memory: 16159 MB
BatchMode: 1, IsHumanControllingUs: 0, StartBugReporterOnCrash: 0, Is64bit: 1, IsPro: 1

COMMAND LINE ARGUMENTS:
C:\Program Files\Unity\Hub\Editor\2021.3.29f1\Editor\Unity.exe
-adb2
-batchMode
-noUpm
-name
AssetImportWorker4
-projectPath
C:/Users/24ethaschlosser/Desktop/Create with Code/Prototype5
-logFile
Logs/AssetImportWorker4.log
-srvPort
57357
Successfully changed project path to: C:/Users/24ethaschlosser/Desktop/Create with Code/Prototype5
C:/Users/24ethaschlosser/Desktop/Create with Code/Prototype5
[UnityMemory] Configuration Parameters - Can be set up in boot.config
    "memorysetup-bucket-allocator-granularity=16"
    "memorysetup-bucket-allocator-bucket-count=8"
    "memorysetup-bucket-allocator-block-size=33554432"
    "memorysetup-bucket-allocator-block-count=8"
    "memorysetup-main-allocator-block-size=16777216"
    "memorysetup-thread-allocator-block-size=16777216"
    "memorysetup-gfx-main-allocator-block-size=16777216"
    "memorysetup-gfx-thread-allocator-block-size=16777216"
    "memorysetup-cache-allocator-block-size=4194304"
    "memorysetup-typetree-allocator-block-size=2097152"
    "memorysetup-profiler-bucket-allocator-granularity=16"
    "memorysetup-profiler-bucket-allocator-bucket-count=8"
    "memorysetup-profiler-bucket-allocator-block-size=33554432"
    "memorysetup-profiler-bucket-allocator-block-count=8"
    "memorysetup-profiler-allocator-block-size=16777216"
    "memorysetup-profiler-editor-allocator-block-size=1048576"
    "memorysetup-temp-allocator-size-main=16777216"
    "memorysetup-job-temp-allocator-block-size=2097152"
    "memorysetup-job-temp-allocator-block-size-background=1048576"
    "memorysetup-job-temp-allocator-reduction-small-platforms=262144"
    "memorysetup-temp-allocator-size-background-worker=32768"
    "memorysetup-temp-allocator-size-job-worker=262144"
    "memorysetup-temp-allocator-size-preload-manager=33554432"
    "memorysetup-temp-allocator-size-nav-mesh-worker=65536"
    "memorysetup-temp-allocator-size-audio-worker=65536"
    "memorysetup-temp-allocator-size-cloud-worker=32768"
    "memorysetup-temp-allocator-size-gi-baking-worker=262144"
    "memorysetup-temp-allocator-size-gfx=262144"
Player connection [18960] Host "[IP] 10.61.169.10 [Port] 0 [Flags] 2 [Guid] 3128446509 [EditorId] 3128446509 [Version] 1048832 [Id] WindowsEditor(7,NCTA-210-43579) [Debug] 1 [PackageName] WindowsEditor [ProjectName] Editor" joined multi-casting on [225.0.0.222:54997]...

Player connection [18960] Host "[IP] 10.61.169.10 [Port] 0 [Flags] 2 [Guid] 3128446509 [EditorId] 3128446509 [Version] 1048832 [Id] WindowsEditor(7,NCTA-210-43579) [Debug] 1 [PackageName] WindowsEditor [ProjectName] Editor" joined alternative multi-casting on [225.0.0.222:34997]...

Refreshing native plugins compatible for Editor in 67.16 ms, found 3 plugins.
Preloading 0 native plugins for Editor in 0.00 ms.
Initialize engine version: 2021.3.29f1 (204d6dc9ae1c)
[Subsystems] Discovering subsystems at path C:/Program Files/Unity/Hub/Editor/2021.3.29f1/Editor/Data/Resources/UnitySubsystems
[Subsystems] Discovering subsystems at path C:/Users/24ethaschlosser/Desktop/Create with Code/Prototype5/Assets
GfxDevice: creating device client; threaded=0; jobified=0
Direct3D:
    Version:  Direct3D 11.0 [level 11.1]
    Renderer: NVIDIA T1000 (ID=0x1fb0)
    Vendor:   NVIDIA
    VRAM:     3949 MB
    Driver:   31.0.15.3667
Initialize mono
Mono path[0] = 'C:/Program Files/Unity/Hub/Editor/2021.3.29f1/Editor/Data/Managed'
Mono path[1] = 'C:/Program Files/Unity/Hub/Editor/2021.3.29f1/Editor/Data/MonoBleedingEdge/lib/mono/unityjit-win32'
Mono config path = 'C:/Program Files/Unity/Hub/Editor/2021.3.29f1/Editor/Data/MonoBleedingEdge/etc'
Using monoOptions --debugger-agent=transport=dt_socket,embedding=1,server=y,suspend=n,address=127.0.0.1:56372
Begin MonoManager ReloadAssembly
Registering precompiled unity dll's ...
Register platform support module: C:/Program Files/Unity/Hub/Editor/2021.3.29f1/Editor/Data/PlaybackEngines/WebGLSupport/UnityEditor.WebGL.Extensions.dll
Register platform support module: C:/Program Files/Unity/Hub/Editor/2021.3.29f1/Editor/Data/PlaybackEngines/WindowsStandaloneSupport/UnityEditor.WindowsStandalone.Extensions.dll
Registered in 0.006197 seconds.
Native extension for WindowsStandalone target not found
Native extension for WebGL target not found
Refreshing native plugins compatible for Editor in 64.06 ms, found 3 plugins.
Preloading 0 native plugins for Editor in 0.00 ms.
Mono: successfully reloaded assembly
- Completed reload, in  0.546 seconds
Domain Reload Profiling:
	ReloadAssembly (546ms)
		BeginReloadAssembly (73ms)
			ExecutionOrderSort (0ms)
			DisableScriptedObjects (0ms)
			BackupInstance (0ms)
			ReleaseScriptingObjects (0ms)
			CreateAndSetChildDomain (1ms)
		EndReloadAssembly (387ms)
			LoadAssemblies (71ms)
			RebuildTransferFunctionScriptingTraits (0ms)
			SetupTypeCache (92ms)
			ReleaseScriptCaches (0ms)
			RebuildScriptCaches (25ms)
			SetupLoadedEditorAssemblies (226ms)
				LogAssemblyErrors (0ms)
				InitializePlatformSupportModulesInManaged (8ms)
				SetLoadedEditorAssemblies (0ms)
				RefreshPlugins (64ms)
				BeforeProcessingInitializeOnLoad (1ms)
				ProcessInitializeOnLoadAttributes (113ms)
				ProcessInitializeOnLoadMethodAttributes (39ms)
				AfterProcessingInitializeOnLoad (0ms)
				EditorAssembliesLoaded (0ms)
			ExecutionOrderSort2 (0ms)
			AwakeInstancesAfterBackupRestoration (0ms)
Platform modules already initialized, skipping
Registering precompiled user dll's ...
Registered in 0.004765 seconds.
Begin MonoManager ReloadAssembly
Symbol file LoadedFromMemory doesn't match image C:\Users\24ethaschlosser\Desktop\Create with Code\Prototype5\Library\PackageCache\com.unity.visualscripting@1.8.0\Editor\VisualScripting.Core\Dependencies\YamlDotNet\Unity.VisualScripting.YamlDotNet.dll
Symbol file LoadedFromMemory doesn't match image C:\Users\24ethaschlosser\Desktop\Create with Code\Prototype5\Library\PackageCache\com.unity.visualscripting@1.8.0\Editor\VisualScripting.Core\Dependencies\DotNetZip\Unity.VisualScripting.IonicZip.dll
Native extension for WindowsStandalone target not found
Native extension for WebGL target not found
Refreshing native plugins compatible for Editor in 0.46 ms, found 3 plugins.
Preloading 0 native plugins for Editor in 0.00 ms.
Mono: successfully reloaded assembly
- Completed reload, in  0.845 seconds
Domain Reload Profiling:
	ReloadAssembly (846ms)
		BeginReloadAssembly (101ms)
			ExecutionOrderSort (0ms)
			DisableScriptedObjects (5ms)
			BackupInstance (0ms)
			ReleaseScriptingObjects (0ms)
			CreateAndSetChildDomain (15ms)
		EndReloadAssembly (655ms)
			LoadAssemblies (73ms)
			RebuildTransferFunctionScriptingTraits (0ms)
			SetupTypeCache (228ms)
			ReleaseScriptCaches (0ms)
			RebuildScriptCaches (41ms)
			SetupLoadedEditorAssemblies (285ms)
				LogAssemblyErrors (0ms)
				InitializePlatformSupportModulesInManaged (6ms)
				SetLoadedEditorAssemblies (0ms)
				RefreshPlugins (1ms)
				BeforeProcessingInitializeOnLoad (70ms)
				ProcessInitializeOnLoadAttributes (185ms)
				ProcessInitializeOnLoadMethodAttributes (17ms)
				AfterProcessingInitializeOnLoad (6ms)
				EditorAssembliesLoaded (0ms)
			ExecutionOrderSort2 (0ms)
			AwakeInstancesAfterBackupRestoration (5ms)
Platform modules already initialized, skipping
========================================================================
Worker process is ready to serve import requests
Launched and connected shader compiler UnityShaderCompiler.exe after 0.03 seconds
Refreshing native plugins compatible for Editor in 0.86 ms, found 3 plugins.
Preloading 0 native plugins for Editor in 0.00 ms.
Unloading 3068 Unused Serialized files (Serialized files now loaded: 0)
Unloading 22 unused Assets / (46.6 KB). Loaded Objects now: 3530.
Memory consumption went from 110.1 MB to 110.0 MB.
Total: 2.953400 ms (FindLiveObjects: 0.278700 ms CreateObjectMapping: 0.154600 ms MarkObjects: 2.445100 ms  DeleteObjects: 0.074200 ms)

AssetImportParameters requested are different than current active one (requested -> active):
  custom:video-decoder-ogg-theora: a1e56fd34408186e4bbccfd4996cb3dc -> 
  custom:container-muxer-webm: aa71ff27fc2769a1b78a27578f13a17b -> 
  custom:container-demuxer-webm: 4f35f7cbe854078d1ac9338744f61a02 -> 
  custom:video-encoder-webm-vp8: eb34c28f22e8b96e1ab97ce403110664 -> 
  custom:CustomObjectIndexerAttribute: bc11b3a6c3213fcdd17b65e7da85e133 -> 
  custom:audio-encoder-webm-vorbis: bf7c407c2cedff20999df2af8eb42d56 -> 
  custom:framework-win-MediaFoundation: 216162199b28c13a410421893ffa2e32 -> 
  custom:container-demuxer-ogg: 62fdf1f143b41e24485cea50d1cbac27 -> 
  custom:video-decoder-webm-vp8: 9c59270c3fd7afecdb556c50c9e8de78 -> 
  custom:audio-decoder-ogg-vorbis: bf7c407c2cedff20999df2af8eb42d56 -> 
========================================================================
Received Import Request.
  Time since last request: 33718.718159 seconds.
  path: Assets/Prefabs/Good 1.prefab
  artifactKey: Guid(24757c2faae99404fbddcce8e2eac230) Importer(815301076,1909f56bfc062723c751e8b465ee728b)
Start importing Assets/Prefabs/Good 1.prefab using Guid(24757c2faae99404fbddcce8e2eac230) Importer(815301076,1909f56bfc062723c751e8b465ee728b)  -> (artifact id: '93a85d9c65921407f6e3732df45c10c7') in 0.105262 seconds 
========================================================================
Received Import Request.
  Time since last request: 4.952382 seconds.
  path: Assets/Prefabs/Bad 1.prefab
  artifactKey: Guid(71819789c43fff84abc544da09212713) Importer(815301076,1909f56bfc062723c751e8b465ee728b)
Start importing Assets/Prefabs/Bad 1.prefab using Guid(71819789c43fff84abc544da09212713) Importer(815301076,1909f56bfc062723c751e8b465ee728b)  -> (artifact id: '9ad2884aab21e07e65fd9dd1cc38544b') in 0.027886 seconds 
========================================================================
Received Import Request.
  Time since last request: 5.649476 seconds.
  path: Assets/Prefabs/Bad 1.prefab
  artifactKey: Guid(71819789c43fff84abc544da09212713) Importer(815301076,1909f56bfc062723c751e8b465ee728b)
Start importing Assets/Prefabs/Bad 1.prefab using Guid(71819789c43fff84abc544da09212713) Importer(815301076,1909f56bfc062723c751e8b465ee728b)  -> (artifact id: '611bd64cc1cb09d0ba9032130a948c54') in 0.037137 seconds 
========================================================================
Received Import Request.
  Time since last request: 2.117697 seconds.
  path: Assets/Prefabs/Good 1.prefab
  artifactKey: Guid(24757c2faae99404fbddcce8e2eac230) Importer(815301076,1909f56bfc062723c751e8b465ee728b)
Start importing Assets/Prefabs/Good 1.prefab using Guid(24757c2faae99404fbddcce8e2eac230) Importer(815301076,1909f56bfc062723c751e8b465ee728b)  -> (artifact id: 'e86c571520bd45dee95d09680a60261e') in 0.008660 seconds 
========================================================================
Received Import Request.
  Time since last request: 12.539250 seconds.
  path: Assets/Prefabs/Good 1.prefab
  artifactKey: Guid(24757c2faae99404fbddcce8e2eac230) Importer(815301076,1909f56bfc062723c751e8b465ee728b)
Start importing Assets/Prefabs/Good 1.prefab using Guid(24757c2faae99404fbddcce8e2eac230) Importer(815301076,1909f56bfc062723c751e8b465ee728b)  -> (artifact id: '4ed1332f4470139845bb38e3eb760739') in 0.012983 seconds 
========================================================================
Received Import Request.
  Time since last request: 2.420617 seconds.
  path: Assets/Prefabs/Good 1.prefab
  artifactKey: Guid(24757c2faae99404fbddcce8e2eac230) Importer(815301076,1909f56bfc062723c751e8b465ee728b)
Start importing Assets/Prefabs/Good 1.prefab using Guid(24757c2faae99404fbddcce8e2eac230) Importer(815301076,1909f56bfc062723c751e8b465ee728b)  -> (artifact id: '2473ade04d08d343f0f1022c6d61210d') in 0.009143 seconds 
========================================================================
Received Import Request.
  Time since last request: 8.805905 seconds.
  path: Assets/Prefabs/Good 2.prefab
  artifactKey: Guid(ecf6962e0bfac214c8a6f50a1bb3a27b) Importer(815301076,1909f56bfc062723c751e8b465ee728b)
Start importing Assets/Prefabs/Good 2.prefab using Guid(ecf6962e0bfac214c8a6f50a1bb3a27b) Importer(815301076,1909f56bfc062723c751e8b465ee728b)  -> (artifact id: '7415f11654c5ab43e6fbf560c57a371a') in 0.009248 seconds 
========================================================================
Received Import Request.
  Time since last request: 2.642752 seconds.
  path: Assets/Prefabs/Good 2.prefab
  artifactKey: Guid(ecf6962e0bfac214c8a6f50a1bb3a27b) Importer(815301076,1909f56bfc062723c751e8b465ee728b)
Start importing Assets/Prefabs/Good 2.prefab using Guid(ecf6962e0bfac214c8a6f50a1bb3a27b) Importer(815301076,1909f56bfc062723c751e8b465ee728b)  -> (artifact id: 'c3ba927b1a01f6f59ac70565745bbafa') in 0.009931 seconds 
========================================================================
Received Import Request.
  Time since last request: 7.318894 seconds.
  path: Assets/Prefabs/Good 3.prefab
  artifactKey: Guid(cb7afcf735910e846acad220ebc9042c) Importer(815301076,1909f56bfc062723c751e8b465ee728b)
Start importing Assets/Prefabs/Good 3.prefab using Guid(cb7afcf735910e846acad220ebc9042c) Importer(815301076,1909f56bfc062723c751e8b465ee728b)  -> (artifact id: '4ebb4c48fec7208fdca1f23be02a4ecb') in 0.010356 seconds 
========================================================================
Received Import Request.
  Time since last request: 1.829795 seconds.
  path: Assets/Prefabs/Good 3.prefab
  artifactKey: Guid(cb7afcf735910e846acad220ebc9042c) Importer(815301076,1909f56bfc062723c751e8b465ee728b)
Start importing Assets/Prefabs/Good 3.prefab using Guid(cb7afcf735910e846acad220ebc9042c) Importer(815301076,1909f56bfc062723c751e8b465ee728b)  -> (artifact id: '81cbf6b37b7e18df30d6aaf145209db8') in 0.010973 seconds 
========================================================================
Received Import Request.
  Time since last request: 1.822369 seconds.
  path: Assets/Prefabs/Good 3.prefab
  artifactKey: Guid(cb7afcf735910e846acad220ebc9042c) Importer(815301076,1909f56bfc062723c751e8b465ee728b)
Start importing Assets/Prefabs/Good 3.prefab using Guid(cb7afcf735910e846acad220ebc9042c) Importer(815301076,1909f56bfc062723c751e8b465ee728b)  -> (artifact id: 'ed40146e6692c8fa911cfd5d9b965c38') in 0.009935 seconds 
========================================================================
Received Import Request.
  Time since last request: 1.818707 seconds.
  path: Assets/Prefabs/Good 3.prefab
  artifactKey: Guid(cb7afcf735910e846acad220ebc9042c) Importer(815301076,1909f56bfc062723c751e8b465ee728b)
Start importing Assets/Prefabs/Good 3.prefab using Guid(cb7afcf735910e846acad220ebc9042c) Importer(815301076,1909f56bfc062723c751e8b465ee728b)  -> (artifact id: '04267e4fdc3c983df3951abc3acf17e3') in 0.010176 seconds 
========================================================================
Received Prepare
Registering precompiled user dll's ...
Registered in 0.004158 seconds.
Begin MonoManager ReloadAssembly
Symbol file LoadedFromMemory doesn't match image C:\Users\24ethaschlosser\Desktop\Create with Code\Prototype5\Library\PackageCache\com.unity.visualscripting@1.8.0\Editor\VisualScripting.Core\Dependencies\YamlDotNet\Unity.VisualScripting.YamlDotNet.dll
Symbol file LoadedFromMemory doesn't match image C:\Users\24ethaschlosser\Desktop\Create with Code\Prototype5\Library\PackageCache\com.unity.visualscripting@1.8.0\Editor\VisualScripting.Core\Dependencies\DotNetZip\Unity.VisualScripting.IonicZip.dll
Native extension for WindowsStandalone target not found
Native extension for WebGL target not found
Refreshing native plugins compatible for Editor in 0.42 ms, found 3 plugins.
Preloading 0 native plugins for Editor in 0.00 ms.
Mono: successfully reloaded assembly
- Completed reload, in  0.865 seconds
Domain Reload Profiling:
	ReloadAssembly (865ms)
		BeginReloadAssembly (128ms)
			ExecutionOrderSort (0ms)
			DisableScriptedObjects (4ms)
			BackupInstance (0ms)
			ReleaseScriptingObjects (0ms)
			CreateAndSetChildDomain (34ms)
		EndReloadAssembly (655ms)
			LoadAssemblies (77ms)
			RebuildTransferFunctionScriptingTraits (0ms)
			SetupTypeCache (259ms)
			ReleaseScriptCaches (1ms)
			RebuildScriptCaches (36ms)
			SetupLoadedEditorAssemblies (247ms)
				LogAssemblyErrors (0ms)
				InitializePlatformSupportModulesInManaged (6ms)
				SetLoadedEditorAssemblies (0ms)
				RefreshPlugins (0ms)
				BeforeProcessingInitializeOnLoad (51ms)
				ProcessInitializeOnLoadAttributes (164ms)
				ProcessInitializeOnLoadMethodAttributes (17ms)
				AfterProcessingInitializeOnLoad (8ms)
				EditorAssembliesLoaded (0ms)
			ExecutionOrderSort2 (0ms)
			AwakeInstancesAfterBackupRestoration (8ms)
Platform modules already initialized, skipping
Refreshing native plugins compatible for Editor in 1.46 ms, found 3 plugins.
Preloading 0 native plugins for Editor in 0.00 ms.
Unloading 3047 Unused Serialized files (Serialized files now loaded: 0)
Unloading 15 unused Assets / (22.1 KB). Loaded Objects now: 3542.
Memory consumption went from 112.7 MB to 112.7 MB.
Total: 2.552700 ms (FindLiveObjects: 0.251700 ms CreateObjectMapping: 0.167100 ms MarkObjects: 2.099100 ms  DeleteObjects: 0.034000 ms)

AssetImportParameters requested are different than current active one (requested -> active):
  custom:video-decoder-ogg-theora: a1e56fd34408186e4bbccfd4996cb3dc -> 
  custom:container-muxer-webm: aa71ff27fc2769a1b78a27578f13a17b -> 
  custom:container-demuxer-webm: 4f35f7cbe854078d1ac9338744f61a02 -> 
  custom:video-encoder-webm-vp8: eb34c28f22e8b96e1ab97ce403110664 -> 
  custom:CustomObjectIndexerAttribute: bc11b3a6c3213fcdd17b65e7da85e133 -> 
  custom:audio-encoder-webm-vorbis: bf7c407c2cedff20999df2af8eb42d56 -> 
  custom:framework-win-MediaFoundation: 216162199b28c13a410421893ffa2e32 -> 
  custom:container-demuxer-ogg: 62fdf1f143b41e24485cea50d1cbac27 -> 
  custom:video-decoder-webm-vp8: 9c59270c3fd7afecdb556c50c9e8de78 -> 
  custom:audio-decoder-ogg-vorbis: bf7c407c2cedff20999df2af8eb42d56 -> 
========================================================================
Received Import Request.
  Time since last request: 164.529111 seconds.
  path: Assets/Prefabs/Good 3.prefab
  artifactKey: Guid(cb7afcf735910e846acad220ebc9042c) Importer(815301076,1909f56bfc062723c751e8b465ee728b)
Start importing Assets/Prefabs/Good 3.prefab using Guid(cb7afcf735910e846acad220ebc9042c) Importer(815301076,1909f56bfc062723c751e8b465ee728b)  -> (artifact id: '3c6e90fd086fb30cc374fb11fa1937c6') in 0.067682 seconds 
